<?xml version="1.0" encoding="UTF-8"?>
<!-- Generated by org.testng.reporters.JUnitReportReporter -->
<testsuite hostname="LAPTOP-3BL16AQ1" failures="0" tests="4" name="Tests.Tc_2_ForgotYourPasswordTest" time="33.361" errors="0" timestamp="2024-07-05T19:45:43 IST" skipped="0">
  <testcase classname="Tests.Tc_2_ForgotYourPasswordTest" name="verifyForgotYourPasswordLink" time="9.069"/>
  <system-out/>
  <testcase classname="Tests.Tc_2_ForgotYourPasswordTest" name="clickForgotYourPassword" time="4.806"/>
  <system-out/>
  <testcase classname="Tests.Tc_2_ForgotYourPasswordTest" name="verifyUsernameAndEnter" time="7.683"/>
  <system-out/>
  <testcase classname="Tests.Tc_2_ForgotYourPasswordTest" name="clickCancel" time="11.803"/>
  <system-out/>
</testsuite> <!-- Tests.Tc_2_ForgotYourPasswordTest -->
