<?xml version="1.0" encoding="UTF-8"?>
<!-- Generated by org.testng.reporters.JUnitReportReporter -->
<testsuite hostname="LAPTOP-3BL16AQ1" failures="0" tests="4" name="Listeners.TC_1_Verify_Medica_InformationUS" time="10.617" errors="0" timestamp="2024-07-04T19:27:46 IST" skipped="0">
  <testcase classname="Listeners.TC_1_Verify_Medica_InformationUS" name="verifyMedicinesTab" time="1.246"/>
  <system-out/>
  <testcase classname="Listeners.TC_1_Verify_Medica_InformationUS" name="clickMedicinesTab" time="8.796"/>
  <system-out/>
  <testcase classname="Listeners.TC_1_Verify_Medica_InformationUS" name="verifyMedicalInformationUs" time="0.279"/>
  <system-out/>
  <testcase classname="Listeners.TC_1_Verify_Medica_InformationUS" name="verifyMedicinesHeaderText" time="0.296"/>
  <system-out/>
</testsuite> <!-- Listeners.TC_1_Verify_Medica_InformationUS -->
