<?xml version="1.0" encoding="UTF-8"?>
<!-- Generated by org.testng.reporters.JUnitReportReporter -->
<testsuite hostname="LAPTOP-3BL16AQ1" failures="0" tests="4" name="TestNg.TC_1_Verify_Medica_InformationUS_Edge" time="2.634" errors="0" timestamp="2024-06-29T20:05:09 IST" skipped="0">
  <testcase classname="TestNg.TC_1_Verify_Medica_InformationUS_Edge" name="verifyMedicinesTab" time="0.287"/>
  <system-out/>
  <testcase classname="TestNg.TC_1_Verify_Medica_InformationUS_Edge" name="clickMedicinesTab" time="2.165"/>
  <system-out/>
  <testcase classname="TestNg.TC_1_Verify_Medica_InformationUS_Edge" name="verifyMedicalInformationUs" time="0.093"/>
  <system-out/>
  <testcase classname="TestNg.TC_1_Verify_Medica_InformationUS_Edge" name="verifyMedicinesHeaderText" time="0.089"/>
  <system-out/>
</testsuite> <!-- TestNg.TC_1_Verify_Medica_InformationUS_Edge -->
