<?xml version="1.0" encoding="UTF-8"?>
<!-- Generated by org.testng.reporters.JUnitReportReporter -->
<testsuite hostname="LAPTOP-3BL16AQ1" failures="0" tests="4" name="TestNgAttributes.Timeout_Attribute" time="3.498" errors="0" timestamp="2024-06-27T19:46:15 IST" skipped="0">
  <testcase classname="TestNgAttributes.Timeout_Attribute" name="verifyMedicinesTab" time="0.604"/>
  <system-out/>
  <testcase classname="TestNgAttributes.Timeout_Attribute" name="clickMedicinesTab" time="2.358"/>
  <system-out/>
  <testcase classname="TestNgAttributes.Timeout_Attribute" name="verifyMedicalInformationUs" time="0.408"/>
  <system-out/>
  <testcase classname="TestNgAttributes.Timeout_Attribute" name="verifyMedicinesHeaderText" time="0.128"/>
  <system-out/>
</testsuite> <!-- TestNgAttributes.Timeout_Attribute -->
