<?xml version="1.0" encoding="UTF-8"?>
<!-- Generated by org.testng.reporters.JUnitReportReporter -->
<testsuite hostname="LAPTOP-3BL16AQ1" failures="0" tests="7" name="Tests.Tc_3_LoginAndLoginTest" time="7.600" errors="0" timestamp="2024-07-09T19:38:27 IST" skipped="0">
  <testcase classname="Tests.Tc_3_LoginAndLoginTest" name="verifyLogo" time="2.085"/>
  <system-out/>
  <testcase classname="Tests.Tc_3_LoginAndLoginTest" name="verifyForgotYourPasswordLink" time="0.268"/>
  <system-out/>
  <testcase classname="Tests.Tc_3_LoginAndLoginTest" name="verifyUsernameAndEnter" time="0.272"/>
  <system-out/>
  <testcase classname="Tests.Tc_3_LoginAndLoginTest" name="verifyPasswordAndEnter" time="0.377"/>
  <system-out/>
  <testcase classname="Tests.Tc_3_LoginAndLoginTest" name="clickLoginButton" time="1.402"/>
  <system-out/>
  <testcase classname="Tests.Tc_3_LoginAndLoginTest" name="clickDropdownUser" time="0.712"/>
  <system-out/>
  <testcase classname="Tests.Tc_3_LoginAndLoginTest" name="clickLogout" time="2.484"/>
  <system-out/>
</testsuite> <!-- Tests.Tc_3_LoginAndLoginTest -->
