<?xml version="1.0" encoding="UTF-8"?>
<!-- Generated by org.testng.reporters.JUnitReportReporter -->
<testsuite hostname="LAPTOP-3BL16AQ1" failures="0" tests="4" name="TestNg.TC_1_Verify_Medica_InformationUS" time="4.897" errors="0" timestamp="2024-06-29T20:05:09 IST" skipped="0">
  <testcase classname="TestNg.TC_1_Verify_Medica_InformationUS" name="verifyMedicinesTab" time="0.906"/>
  <system-out/>
  <testcase classname="TestNg.TC_1_Verify_Medica_InformationUS" name="clickMedicinesTab" time="3.073"/>
  <system-out/>
  <testcase classname="TestNg.TC_1_Verify_Medica_InformationUS" name="verifyMedicalInformationUs" time="0.545"/>
  <system-out/>
  <testcase classname="TestNg.TC_1_Verify_Medica_InformationUS" name="verifyMedicinesHeaderText" time="0.373"/>
  <system-out/>
</testsuite> <!-- TestNg.TC_1_Verify_Medica_InformationUS -->
