<?xml version="1.0" encoding="UTF-8"?>
<!-- Generated by org.testng.reporters.JUnitReportReporter -->
<testsuite hostname="LAPTOP-3BL16AQ1" failures="0" tests="4" name="TestNgAttributes.Enabled_Attribute" time="6.943" errors="0" timestamp="2024-06-27T19:48:24 IST" skipped="1">
  <testcase classname="TestNgAttributes.Enabled_Attribute" name="verifyMedicinesTab" time="1.173"/>
  <system-out/>
  <testcase classname="TestNgAttributes.Enabled_Attribute" name="clickMedicinesTab" time="5.070"/>
  <system-out/>
  <testcase classname="TestNgAttributes.Enabled_Attribute" name="verifyMedicinesHeaderText" time="0.700"/>
  <system-out/>
  <testcase classname="TestNgAttributes.Enabled_Attribute" name="verifyMedicalInformationUs">
    <skipped/>
  </testcase> <!-- verifyMedicalInformationUs -->
  <system-out/>
</testsuite> <!-- TestNgAttributes.Enabled_Attribute -->
