<?xml version="1.0" encoding="UTF-8"?>
<!-- Generated by org.testng.reporters.JUnitReportReporter -->
<testsuite hostname="LAPTOP-3BL16AQ1" failures="0" tests="1" name="TestNgAttributes.Description_Attribute" time="0.627" errors="0" timestamp="2024-06-27T19:53:24 IST" skipped="0">
  <testcase classname="TestNgAttributes.Description_Attribute" name="verifyMedicinesTab" time="0.627"/>
  <system-out/>
</testsuite> <!-- TestNgAttributes.Description_Attribute -->
