<?xml version="1.0" encoding="UTF-8"?>
<!-- Generated by org.testng.reporters.JUnitReportReporter -->
<testsuite hostname="LAPTOP-3BL16AQ1" failures="0" tests="2" name="TestNgAssertions.HardAssertion2" time="1.610" errors="0" timestamp="2024-07-02T19:36:32 IST" skipped="0">
  <testcase classname="TestNgAssertions.HardAssertion2" name="verifyTitle" time="0.668"/>
  <system-out/>
  <testcase classname="TestNgAssertions.HardAssertion2" name="verifyWomenEthincTab" time="0.942"/>
  <system-out/>
</testsuite> <!-- TestNgAssertions.HardAssertion2 -->
