<?xml version="1.0" encoding="UTF-8"?>
<!-- Generated by org.testng.reporters.JUnitReportReporter -->
<testsuite hostname="LAPTOP-3BL16AQ1" failures="0" tests="1" name="ExtentReports.ExtentReportExample" time="4.307" errors="0" timestamp="2024-07-09T19:55:35 IST" skipped="0">
  <testcase classname="ExtentReports.ExtentReportExample" name="loginToOrangeHRM" time="4.307"/>
  <system-out/>
</testsuite> <!-- ExtentReports.ExtentReportExample -->
