<?xml version="1.0" encoding="UTF-8"?>
<!-- Generated by org.testng.reporters.JUnitReportReporter -->
<testsuite hostname="LAPTOP-3BL16AQ1" failures="0" tests="2" name="TestNgAssertions.SoftAssertion" time="0.772" errors="0" timestamp="2024-07-04T08:13:59 IST" skipped="0">
  <testcase classname="TestNgAssertions.SoftAssertion" name="verifyTitle" time="0.459"/>
  <system-out/>
  <testcase classname="TestNgAssertions.SoftAssertion" name="verifyWomenEthincTab" time="0.313"/>
  <system-out/>
</testsuite> <!-- TestNgAssertions.SoftAssertion -->
