<?xml version="1.0" encoding="UTF-8"?>
<!-- Generated by org.testng.reporters.JUnitReportReporter -->
<testsuite hostname="LAPTOP-3BL16AQ1" failures="0" tests="4" name="TestNgAttributes.Priority_Attribute" time="4.252" errors="0" timestamp="2024-06-27T19:43:55 IST" skipped="0">
  <testcase classname="TestNgAttributes.Priority_Attribute" name="verifyMedicinesTab" time="0.436"/>
  <system-out/>
  <testcase classname="TestNgAttributes.Priority_Attribute" name="clickMedicinesTab" time="3.144"/>
  <system-out/>
  <testcase classname="TestNgAttributes.Priority_Attribute" name="verifyMedicalInformationUs" time="0.470"/>
  <system-out/>
  <testcase classname="TestNgAttributes.Priority_Attribute" name="verifyMedicinesHeaderText" time="0.202"/>
  <system-out/>
</testsuite> <!-- TestNgAttributes.Priority_Attribute -->
