<?xml version="1.0" encoding="UTF-8"?>
<!-- Generated by org.testng.reporters.JUnitReportReporter -->
<testsuite hostname="LAPTOP-3BL16AQ1" failures="0" tests="4" name="TestNg.TC_1_UsingBaseClass" time="5.478" errors="0" timestamp="2024-06-27T19:17:57 IST" skipped="0">
  <testcase classname="TestNg.TC_1_UsingBaseClass" name="verifyMedicinesTab" time="0.736"/>
  <system-out/>
  <testcase classname="TestNg.TC_1_UsingBaseClass" name="clickMedicinesTab" time="4.131"/>
  <system-out/>
  <testcase classname="TestNg.TC_1_UsingBaseClass" name="verifyMedicalInformationUs" time="0.465"/>
  <system-out/>
  <testcase classname="TestNg.TC_1_UsingBaseClass" name="verifyMedicinesHeaderText" time="0.146"/>
  <system-out/>
</testsuite> <!-- TestNg.TC_1_UsingBaseClass -->
