<?xml version="1.0" encoding="UTF-8"?>
<!-- Generated by org.testng.reporters.JUnitReportReporter -->
<testsuite hostname="LAPTOP-3BL16AQ1" failures="0" tests="3" name="TestNg.DataProviderAnnotation" time="4.881" errors="0" timestamp="2024-06-27T19:40:30 IST" skipped="0">
  <testcase classname="TestNg.DataProviderAnnotation" name="verifyCredentials" time="1.257"/>
  <system-out/>
  <testcase classname="TestNg.DataProviderAnnotation" name="verifyCredentials" time="1.580"/>
  <system-out/>
  <testcase classname="TestNg.DataProviderAnnotation" name="verifyCredentials" time="2.044"/>
  <system-out/>
</testsuite> <!-- TestNg.DataProviderAnnotation -->
