<?xml version="1.0" encoding="UTF-8"?>
<!-- Generated by org.testng.reporters.JUnitReportReporter -->
<testsuite hostname="LAPTOP-3BL16AQ1" failures="0" tests="5" name="Tests.Tc_1_LoginTest" time="36.567" errors="0" timestamp="2024-07-05T19:33:36 IST" skipped="0">
  <testcase classname="Tests.Tc_1_LoginTest" name="verifyLogo" time="11.204"/>
  <system-out/>
  <testcase classname="Tests.Tc_1_LoginTest" name="verifyForgotYourPasswordLink" time="8.492"/>
  <system-out/>
  <testcase classname="Tests.Tc_1_LoginTest" name="verifyUsernameAndEnter" time="6.287"/>
  <system-out/>
  <testcase classname="Tests.Tc_1_LoginTest" name="verifyPasswordAndEnter" time="3.962"/>
  <system-out/>
  <testcase classname="Tests.Tc_1_LoginTest" name="clickLoginButton" time="6.622"/>
  <system-out/>
</testsuite> <!-- Tests.Tc_1_LoginTest -->
