<?xml version="1.0" encoding="UTF-8"?>
<!-- Generated by org.testng.reporters.JUnitReportReporter -->
<testsuite hostname="LAPTOP-3BL16AQ1" failures="0" tests="4" name="TestNgAttributes.DependsOnMethods_Attribute" time="3.753" errors="0" timestamp="2024-06-27T19:58:53 IST" skipped="0">
  <testcase classname="TestNgAttributes.DependsOnMethods_Attribute" name="verifyMedicinesHeaderText" time="0.146"/>
  <system-out/>
  <testcase classname="TestNgAttributes.DependsOnMethods_Attribute" name="verifyMedicalInformationUs" time="0.676"/>
  <system-out/>
  <testcase classname="TestNgAttributes.DependsOnMethods_Attribute" name="verifyMedicinesTab" time="0.926"/>
  <system-out/>
  <testcase classname="TestNgAttributes.DependsOnMethods_Attribute" name="clickMedicinesTab" time="2.005"/>
  <system-out/>
</testsuite> <!-- TestNgAttributes.DependsOnMethods_Attribute -->
