<?xml version="1.0" encoding="UTF-8"?>
<!-- Generated by org.testng.reporters.JUnitReportReporter -->
<testsuite hostname="LAPTOP-3BL16AQ1" failures="0" tests="10" name="TestNgAttributes.invocationCount_Attribute" time="3.647" errors="0" timestamp="2024-06-27T19:50:37 IST" skipped="0">
  <testcase classname="TestNgAttributes.invocationCount_Attribute" name="verifyMedicinesTab" time="0.706"/>
  <system-out/>
  <testcase classname="TestNgAttributes.invocationCount_Attribute" name="clickMedicinesTab" time="1.565"/>
  <system-out/>
  <testcase classname="TestNgAttributes.invocationCount_Attribute" name="verifyMedicalInformationUs" time="0.547"/>
  <system-out/>
  <testcase classname="TestNgAttributes.invocationCount_Attribute" name="verifyMedicinesHeaderText" time="0.130"/>
  <system-out/>
  <testcase classname="TestNgAttributes.invocationCount_Attribute" name="verifyMedicinesHeaderText" time="0.087"/>
  <system-out/>
  <testcase classname="TestNgAttributes.invocationCount_Attribute" name="verifyMedicinesHeaderText" time="0.188"/>
  <system-out/>
  <testcase classname="TestNgAttributes.invocationCount_Attribute" name="verifyMedicinesHeaderText" time="0.073"/>
  <system-out/>
  <testcase classname="TestNgAttributes.invocationCount_Attribute" name="verifyMedicinesHeaderText" time="0.089"/>
  <system-out/>
  <testcase classname="TestNgAttributes.invocationCount_Attribute" name="verifyMedicinesHeaderText" time="0.125"/>
  <system-out/>
  <testcase classname="TestNgAttributes.invocationCount_Attribute" name="verifyMedicinesHeaderText" time="0.137"/>
  <system-out/>
</testsuite> <!-- TestNgAttributes.invocationCount_Attribute -->
